#-----------------------------------------------------------
# Vivado v2018.2 (64-bit)
# SW Build 2258646 on Thu Jun 14 20:03:12 MDT 2018
# IP Build 2256618 on Thu Jun 14 22:10:49 MDT 2018
# Start of session at: Wed May 13 19:56:36 2020
# Process ID: 9124
# Current directory: D:/Bo/Bo/A_NUS Undergraduate/Year_1_Sem_2/EE2026/LAB SUbmission/LAB3_Assignment
# Command line: vivado.exe -gui_launcher_event rodinguilauncherevent19084 D:\Bo\Bo\A_NUS Undergraduate\Year_1_Sem_2\EE2026\LAB SUbmission\LAB3_Assignment\LAB3_Assignment.xpr
# Log file: D:/Bo/Bo/A_NUS Undergraduate/Year_1_Sem_2/EE2026/LAB SUbmission/LAB3_Assignment/vivado.log
# Journal file: D:/Bo/Bo/A_NUS Undergraduate/Year_1_Sem_2/EE2026/LAB SUbmission/LAB3_Assignment\vivado.jou
#-----------------------------------------------------------
start_gui
open_project {D:/Bo/Bo/A_NUS Undergraduate/Year_1_Sem_2/EE2026/LAB SUbmission/LAB3_Assignment/LAB3_Assignment.xpr}
INFO: [Project 1-313] Project file moved from 'D:/Bo/Bo/A_NUS Undergraduate/Year_1_Sem_2/EE2026/LAB3_Assignment/.Xil/Vivado-2868-DESKTOP-0MCSPLH/PrjAr/_X_' since last save.
Scanning sources...
Finished scanning sources
INFO: [IP_Flow 19-234] Refreshing IP repositories
INFO: [IP_Flow 19-1704] No user IP repositories specified
INFO: [IP_Flow 19-2313] Loaded Vivado IP repository 'D:/Bo/Bo/Vivado/2018.2/data/ip'.
open_project: Time (s): cpu = 00:00:18 ; elapsed = 00:00:09 . Memory (MB): peak = 862.867 ; gain = 141.430
update_compile_order -fileset sources_1
open_hw
connect_hw_server
INFO: [Labtools 27-2285] Connecting to hw_server url TCP:localhost:3121
INFO: [Labtools 27-2222] Launching hw_server...
INFO: [Labtools 27-2221] Launch Output:

****** Xilinx hw_server v2018.2
  **** Build date : Jun 14 2018-20:42:52
    ** Copyright 1986-2018 Xilinx, Inc. All Rights Reserved.


disconnect_hw_server localhost:3121
connect_hw_server
INFO: [Labtools 27-2285] Connecting to hw_server url TCP:localhost:3121
disconnect_hw_server localhost:3121
connect_hw_server
INFO: [Labtools 27-2285] Connecting to hw_server url TCP:localhost:3121
disconnect_hw_server localhost:3121
connect_hw_server
INFO: [Labtools 27-2285] Connecting to hw_server url TCP:localhost:3121
disconnect_hw_server localhost:3121
connect_hw_server
INFO: [Labtools 27-2285] Connecting to hw_server url TCP:localhost:3121
disconnect_hw_server localhost:3121
connect_hw_server
INFO: [Labtools 27-2285] Connecting to hw_server url TCP:localhost:3121
disconnect_hw_server localhost:3121
connect_hw_server
INFO: [Labtools 27-2285] Connecting to hw_server url TCP:localhost:3121
disconnect_hw_server localhost:3121
connect_hw_server
INFO: [Labtools 27-2285] Connecting to hw_server url TCP:localhost:3121
disconnect_hw_server localhost:3121
connect_hw_server
INFO: [Labtools 27-2285] Connecting to hw_server url TCP:localhost:3121
disconnect_hw_server localhost:3121
connect_hw_server
INFO: [Labtools 27-2285] Connecting to hw_server url TCP:localhost:3121
disconnect_hw_server localhost:3121
connect_hw_server
INFO: [Labtools 27-2285] Connecting to hw_server url TCP:localhost:3121
disconnect_hw_server localhost:3121
connect_hw_server
INFO: [Labtools 27-2285] Connecting to hw_server url TCP:localhost:3121
disconnect_hw_server localhost:3121
connect_hw_server
INFO: [Labtools 27-2285] Connecting to hw_server url TCP:localhost:3121
exit
INFO: [Common 17-206] Exiting Vivado at Wed May 13 20:02:57 2020...
